# JRE version: OpenJDK Runtime Environment (17.0.6) (build 17.0.6+0-b2043.56-9586694)
# Java VM: OpenJDK 64-Bit Server VM (17.0.6+0-b2043.56-9586694, mixed mode, tiered, compressed oops, compressed class ptrs, g1 gc, windows-amd64)
GC Precious Log:
 CPUs: 8 total, 8 available
 Memory: 16086M
 Large Page Support: Disabled
 NUMA Support: Disabled
 Compressed Oops: Enabled (Zero based)
 Heap Region Size: 2M
 Heap Min Capacity: 8M
 Heap Initial Capacity: 252M
 Heap Max Capacity: 4022M
 Pre-touch: Disabled
 Parallel Workers: 8
 Concurrent Workers: 2
 Concurrent Refinement Workers: 8
 Periodic GC: Disabled
Heap:
 garbage-first heap   total 180224K, used 84469K [0x0000000704a00000, 0x0000000800000000)
  region size 2048K, 4 young (8192K), 4 survivors (8192K)
 Metaspace       used 79744K, committed 80064K, reserved 1122304K
  class space    used 9150K, committed 9344K, reserved 1048576K
GC Heap History (20 events):
Event: 1.217 GC heap after
{Heap after GC invocations=8 (full 0):
 garbage-first heap   total 157696K, used 26358K [0x0000000704a00000, 0x0000000800000000)
  region size 2048K, 4 young (8192K), 4 survivors (8192K)
 Metaspace       used 35866K, committed 36096K, reserved 1081344K
  class space    used 4554K, committed 4672K, reserved 1048576K
}
Event: 1.674 GC heap before
{Heap before GC invocations=9 (full 0):
 garbage-first heap   total 102400K, used 79606K [0x0000000704a00000, 0x0000000800000000)
  region size 2048K, 30 young (61440K), 4 survivors (8192K)
 Metaspace       used 46293K, committed 46592K, reserved 1097728K
  class space    used 5614K, committed 5760K, reserved 1048576K
}
Event: 1.684 GC heap after
{Heap after GC invocations=10 (full 0):
 garbage-first heap   total 102400K, used 30108K [0x0000000704a00000, 0x0000000800000000)
  region size 2048K, 4 young (8192K), 4 survivors (8192K)
 Metaspace       used 46293K, committed 46592K, reserved 1097728K
  class space    used 5614K, committed 5760K, reserved 1048576K
}
Event: 1.716 GC heap before
{Heap before GC invocations=10 (full 0):
 garbage-first heap   total 102400K, used 32156K [0x0000000704a00000, 0x0000000800000000)
  region size 2048K, 5 young (10240K), 4 survivors (8192K)
 Metaspace       used 46474K, committed 46720K, reserved 1097728K
  class space    used 5632K, committed 5760K, reserved 1048576K
}
Event: 1.724 GC heap after
{Heap after GC invocations=11 (full 0):
 garbage-first heap   total 102400K, used 31978K [0x0000000704a00000, 0x0000000800000000)
  region size 2048K, 1 young (2048K), 1 survivors (2048K)
 Metaspace       used 46474K, committed 46720K, reserved 1097728K
  class space    used 5632K, committed 5760K, reserved 1048576K
}
Event: 3.320 GC heap before
{Heap before GC invocations=11 (full 0):
 garbage-first heap   total 102400K, used 74986K [0x0000000704a00000, 0x0000000800000000)
  region size 2048K, 21 young (43008K), 1 survivors (2048K)
 Metaspace       used 53871K, committed 54144K, reserved 1097728K
  class space    used 6483K, committed 6592K, reserved 1048576K
}
Event: 3.332 GC heap after
{Heap after GC invocations=12 (full 0):
 garbage-first heap   total 102400K, used 40395K [0x0000000704a00000, 0x0000000800000000)
  region size 2048K, 3 young (6144K), 3 survivors (6144K)
 Metaspace       used 53871K, committed 54144K, reserved 1097728K
  class space    used 6483K, committed 6592K, reserved 1048576K
}
Event: 4.707 GC heap before
{Heap before GC invocations=12 (full 0):
 garbage-first heap   total 102400K, used 75211K [0x0000000704a00000, 0x0000000800000000)
  region size 2048K, 20 young (40960K), 3 survivors (6144K)
 Metaspace       used 57052K, committed 57344K, reserved 1105920K
  class space    used 6840K, committed 6976K, reserved 1048576K
}
Event: 4.724 GC heap after
{Heap after GC invocations=13 (full 0):
 garbage-first heap   total 102400K, used 48506K [0x0000000704a00000, 0x0000000800000000)
  region size 2048K, 3 young (6144K), 3 survivors (6144K)
 Metaspace       used 57052K, committed 57344K, reserved 1105920K
  class space    used 6840K, committed 6976K, reserved 1048576K
}
Event: 5.103 GC heap before
{Heap before GC invocations=13 (full 0):
 garbage-first heap   total 102400K, used 75130K [0x0000000704a00000, 0x0000000800000000)
  region size 2048K, 16 young (32768K), 3 survivors (6144K)
 Metaspace       used 58012K, committed 58304K, reserved 1105920K
  class space    used 6888K, committed 7040K, reserved 1048576K
}
Event: 5.117 GC heap after
{Heap after GC invocations=14 (full 0):
 garbage-first heap   total 180224K, used 52715K [0x0000000704a00000, 0x0000000800000000)
  region size 2048K, 2 young (4096K), 2 survivors (4096K)
 Metaspace       used 58012K, committed 58304K, reserved 1105920K
  class space    used 6888K, committed 7040K, reserved 1048576K
}
Event: 6.011 GC heap before
{Heap before GC invocations=14 (full 0):
 garbage-first heap   total 180224K, used 83435K [0x0000000704a00000, 0x0000000800000000)
  region size 2048K, 18 young (36864K), 2 survivors (4096K)
 Metaspace       used 60346K, committed 60608K, reserved 1105920K
  class space    used 7153K, committed 7296K, reserved 1048576K
}
Event: 6.016 GC heap after
{Heap after GC invocations=15 (full 0):
 garbage-first heap   total 180224K, used 54248K [0x0000000704a00000, 0x0000000800000000)
  region size 2048K, 3 young (6144K), 3 survivors (6144K)
 Metaspace       used 60346K, committed 60608K, reserved 1105920K
  class space    used 7153K, committed 7296K, reserved 1048576K
}
Event: 7.121 GC heap before
{Heap before GC invocations=16 (full 0):
 garbage-first heap   total 180224K, used 136168K [0x0000000704a00000, 0x0000000800000000)
  region size 2048K, 43 young (88064K), 3 survivors (6144K)
 Metaspace       used 65642K, committed 65920K, reserved 1114112K
  class space    used 7839K, committed 8000K, reserved 1048576K
}
Event: 7.133 GC heap after
{Heap after GC invocations=17 (full 0):
 garbage-first heap   total 180224K, used 68592K [0x0000000704a00000, 0x0000000800000000)
  region size 2048K, 6 young (12288K), 6 survivors (12288K)
 Metaspace       used 65642K, committed 65920K, reserved 1114112K
  class space    used 7839K, committed 8000K, reserved 1048576K
}
Event: 7.853 GC heap before
{Heap before GC invocations=17 (full 0):
 garbage-first heap   total 180224K, used 127984K [0x0000000704a00000, 0x0000000800000000)
  region size 2048K, 35 young (71680K), 6 survivors (12288K)
 Metaspace       used 70586K, committed 70912K, reserved 1114112K
  class space    used 8283K, committed 8448K, reserved 1048576K
}
Event: 7.865 GC heap after
{Heap after GC invocations=18 (full 0):
 garbage-first heap   total 180224K, used 77726K [0x0000000704a00000, 0x0000000800000000)
  region size 2048K, 5 young (10240K), 5 survivors (10240K)
 Metaspace       used 70586K, committed 70912K, reserved 1114112K
  class space    used 8283K, committed 8448K, reserved 1048576K
}
Event: 8.482 GC heap before
{Heap before GC invocations=18 (full 0):
 garbage-first heap   total 180224K, used 133022K [0x0000000704a00000, 0x0000000800000000)
  region size 2048K, 32 young (65536K), 5 survivors (10240K)
 Metaspace       used 75054K, committed 75392K, reserved 1122304K
  class space    used 8650K, committed 8832K, reserved 1048576K
}
Event: 8.489 GC heap after
{Heap after GC invocations=19 (full 0):
 garbage-first heap   total 180224K, used 82768K [0x0000000704a00000, 0x0000000800000000)
  region size 2048K, 3 young (6144K), 3 survivors (6144K)
 Metaspace       used 75054K, committed 75392K, reserved 1122304K
  class space    used 8650K, committed 8832K, reserved 1048576K
}
Event: 8.797 GC heap before
{Heap before GC invocations=19 (full 0):
 garbage-first heap   total 180224K, used 138064K [0x0000000704a00000, 0x0000000800000000)
  region size 2048K, 30 young (61440K), 3 survivors (6144K)
 Metaspace       used 79744K, committed 80064K, reserved 1122304K
  class space    used 9150K, committed 9344K, reserved 1048576K
}

