# JRE version: OpenJDK Runtime Environment (17.0.6) (build 17.0.6+0-b2043.56-9586694)
# Java VM: OpenJDK 64-Bit Server VM (17.0.6+0-b2043.56-9586694, mixed mode, tiered, compressed oops, compressed class ptrs, g1 gc, windows-amd64)
GC Precious Log:
 CPUs: 8 total, 8 available
 Memory: 16086M
 Large Page Support: Disabled
 NUMA Support: Disabled
 Compressed Oops: Enabled (Zero based)
 Heap Region Size: 2M
 Heap Min Capacity: 8M
 Heap Initial Capacity: 252M
 Heap Max Capacity: 4022M
 Pre-touch: Disabled
 Parallel Workers: 8
 Concurrent Workers: 2
 Concurrent Refinement Workers: 8
 Periodic GC: Disabled
Heap:
 garbage-first heap   total 176128K, used 85887K [0x0000000704a00000, 0x0000000800000000)
  region size 2048K, 4 young (8192K), 4 survivors (8192K)
 Metaspace       used 79661K, committed 80000K, reserved 1122304K
  class space    used 9151K, committed 9344K, reserved 1048576K
GC Heap History (20 events):
Event: 1.065 GC heap after
{Heap after GC invocations=7 (full 0):
 garbage-first heap   total 157696K, used 20858K [0x0000000704a00000, 0x0000000800000000)
  region size 2048K, 2 young (4096K), 2 survivors (4096K)
 Metaspace       used 32975K, committed 33280K, reserved 1081344K
  class space    used 4005K, committed 4096K, reserved 1048576K
}
Event: 1.222 GC heap before
{Heap before GC invocations=7 (full 0):
 garbage-first heap   total 157696K, used 43386K [0x0000000704a00000, 0x0000000800000000)
  region size 2048K, 13 young (26624K), 2 survivors (4096K)
 Metaspace       used 35877K, committed 36096K, reserved 1081344K
  class space    used 4554K, committed 4672K, reserved 1048576K
}
Event: 1.227 GC heap after
{Heap after GC invocations=8 (full 0):
 garbage-first heap   total 157696K, used 26400K [0x0000000704a00000, 0x0000000800000000)
  region size 2048K, 4 young (8192K), 4 survivors (8192K)
 Metaspace       used 35877K, committed 36096K, reserved 1081344K
  class space    used 4554K, committed 4672K, reserved 1048576K
}
Event: 1.697 GC heap before
{Heap before GC invocations=9 (full 0):
 garbage-first heap   total 102400K, used 79648K [0x0000000704a00000, 0x0000000800000000)
  region size 2048K, 30 young (61440K), 4 survivors (8192K)
 Metaspace       used 46276K, committed 46528K, reserved 1097728K
  class space    used 5614K, committed 5760K, reserved 1048576K
}
Event: 1.707 GC heap after
{Heap after GC invocations=10 (full 0):
 garbage-first heap   total 102400K, used 30081K [0x0000000704a00000, 0x0000000800000000)
  region size 2048K, 4 young (8192K), 4 survivors (8192K)
 Metaspace       used 46276K, committed 46528K, reserved 1097728K
  class space    used 5614K, committed 5760K, reserved 1048576K
}
Event: 1.734 GC heap before
{Heap before GC invocations=10 (full 0):
 garbage-first heap   total 102400K, used 32129K [0x0000000704a00000, 0x0000000800000000)
  region size 2048K, 5 young (10240K), 4 survivors (8192K)
 Metaspace       used 46490K, committed 46720K, reserved 1097728K
  class space    used 5632K, committed 5760K, reserved 1048576K
}
Event: 1.741 GC heap after
{Heap after GC invocations=11 (full 0):
 garbage-first heap   total 102400K, used 31941K [0x0000000704a00000, 0x0000000800000000)
  region size 2048K, 1 young (2048K), 1 survivors (2048K)
 Metaspace       used 46490K, committed 46720K, reserved 1097728K
  class space    used 5632K, committed 5760K, reserved 1048576K
}
Event: 2.240 GC heap before
{Heap before GC invocations=11 (full 0):
 garbage-first heap   total 102400K, used 74949K [0x0000000704a00000, 0x0000000800000000)
  region size 2048K, 21 young (43008K), 1 survivors (2048K)
 Metaspace       used 54150K, committed 54400K, reserved 1097728K
  class space    used 6515K, committed 6656K, reserved 1048576K
}
Event: 2.247 GC heap after
{Heap after GC invocations=12 (full 0):
 garbage-first heap   total 102400K, used 40399K [0x0000000704a00000, 0x0000000800000000)
  region size 2048K, 3 young (6144K), 3 survivors (6144K)
 Metaspace       used 54150K, committed 54400K, reserved 1097728K
  class space    used 6515K, committed 6656K, reserved 1048576K
}
Event: 2.562 GC heap before
{Heap before GC invocations=12 (full 0):
 garbage-first heap   total 102400K, used 75215K [0x0000000704a00000, 0x0000000800000000)
  region size 2048K, 20 young (40960K), 3 survivors (6144K)
 Metaspace       used 57204K, committed 57472K, reserved 1105920K
  class space    used 6862K, committed 6976K, reserved 1048576K
}
Event: 2.573 GC heap after
{Heap after GC invocations=13 (full 0):
 garbage-first heap   total 176128K, used 48634K [0x0000000704a00000, 0x0000000800000000)
  region size 2048K, 3 young (6144K), 3 survivors (6144K)
 Metaspace       used 57204K, committed 57472K, reserved 1105920K
  class space    used 6862K, committed 6976K, reserved 1048576K
}
Event: 3.164 GC heap before
{Heap before GC invocations=13 (full 0):
 garbage-first heap   total 176128K, used 112122K [0x0000000704a00000, 0x0000000800000000)
  region size 2048K, 35 young (71680K), 3 survivors (6144K)
 Metaspace       used 60484K, committed 60736K, reserved 1105920K
  class space    used 7166K, committed 7296K, reserved 1048576K
}
Event: 3.173 GC heap after
{Heap after GC invocations=14 (full 0):
 garbage-first heap   total 176128K, used 56146K [0x0000000704a00000, 0x0000000800000000)
  region size 2048K, 4 young (8192K), 4 survivors (8192K)
 Metaspace       used 60484K, committed 60736K, reserved 1105920K
  class space    used 7166K, committed 7296K, reserved 1048576K
}
Event: 3.913 GC heap before
{Heap before GC invocations=15 (full 0):
 garbage-first heap   total 176128K, used 123730K [0x0000000704a00000, 0x0000000800000000)
  region size 2048K, 37 young (75776K), 4 survivors (8192K)
 Metaspace       used 65212K, committed 65472K, reserved 1114112K
  class space    used 7821K, committed 7936K, reserved 1048576K
}
Event: 3.926 GC heap after
{Heap after GC invocations=16 (full 0):
 garbage-first heap   total 176128K, used 67862K [0x0000000704a00000, 0x0000000800000000)
  region size 2048K, 5 young (10240K), 5 survivors (10240K)
 Metaspace       used 65212K, committed 65472K, reserved 1114112K
  class space    used 7821K, committed 7936K, reserved 1048576K
}
Event: 4.779 GC heap before
{Heap before GC invocations=16 (full 0):
 garbage-first heap   total 176128K, used 127254K [0x0000000704a00000, 0x0000000800000000)
  region size 2048K, 34 young (69632K), 5 survivors (10240K)
 Metaspace       used 68988K, committed 69248K, reserved 1114112K
  class space    used 8147K, committed 8256K, reserved 1048576K
}
Event: 4.793 GC heap after
{Heap after GC invocations=17 (full 0):
 garbage-first heap   total 176128K, used 78598K [0x0000000704a00000, 0x0000000800000000)
  region size 2048K, 5 young (10240K), 5 survivors (10240K)
 Metaspace       used 68988K, committed 69248K, reserved 1114112K
  class space    used 8147K, committed 8256K, reserved 1048576K
}
Event: 5.510 GC heap before
{Heap before GC invocations=17 (full 0):
 garbage-first heap   total 176128K, used 131846K [0x0000000704a00000, 0x0000000800000000)
  region size 2048K, 31 young (63488K), 5 survivors (10240K)
 Metaspace       used 74002K, committed 74368K, reserved 1122304K
  class space    used 8534K, committed 8704K, reserved 1048576K
}
Event: 5.519 GC heap after
{Heap after GC invocations=18 (full 0):
 garbage-first heap   total 176128K, used 82870K [0x0000000704a00000, 0x0000000800000000)
  region size 2048K, 2 young (4096K), 2 survivors (4096K)
 Metaspace       used 74002K, committed 74368K, reserved 1122304K
  class space    used 8534K, committed 8704K, reserved 1048576K
}
Event: 5.998 GC heap before
{Heap before GC invocations=18 (full 0):
 garbage-first heap   total 176128K, used 136118K [0x0000000704a00000, 0x0000000800000000)
  region size 2048K, 28 young (57344K), 2 survivors (4096K)
 Metaspace       used 79661K, committed 80000K, reserved 1122304K
  class space    used 9151K, committed 9344K, reserved 1048576K
}

