# JRE version: OpenJDK Runtime Environment (17.0.6) (build 17.0.6+0-b2043.56-9586694)
# Java VM: OpenJDK 64-Bit Server VM (17.0.6+0-b2043.56-9586694, mixed mode, tiered, compressed oops, compressed class ptrs, g1 gc, windows-amd64)
GC Precious Log:
 CPUs: 8 total, 8 available
 Memory: 16086M
 Large Page Support: Disabled
 NUMA Support: Disabled
 Compressed Oops: Enabled (32-bit)
 Heap Region Size: 1M
 Heap Min Capacity: 8M
 Heap Initial Capacity: 252M
 Heap Max Capacity: 2G
 Pre-touch: Disabled
 Parallel Workers: 8
 Concurrent Workers: 2
 Concurrent Refinement Workers: 8
 Periodic GC: Disabled
Heap:
 garbage-first heap   total 559104K, used 437097K [0x0000000080000000, 0x0000000100000000)
  region size 1024K, 186 young (190464K), 28 survivors (28672K)
 Metaspace       used 161836K, committed 163008K, reserved 1196032K
  class space    used 21094K, committed 21696K, reserved 1048576K
GC Heap History (20 events):
Event: 22.071 GC heap before
{Heap before GC invocations=41 (full 0):
 garbage-first heap   total 559104K, used 239206K [0x0000000080000000, 0x0000000100000000)
  region size 1024K, 27 young (27648K), 10 survivors (10240K)
 Metaspace       used 111310K, committed 112192K, reserved 1146880K
  class space    used 15242K, committed 15680K, reserved 1048576K
}
Event: 22.080 GC heap after
{Heap after GC invocations=42 (full 0):
 garbage-first heap   total 559104K, used 217831K [0x0000000080000000, 0x0000000100000000)
  region size 1024K, 3 young (3072K), 3 survivors (3072K)
 Metaspace       used 111310K, committed 112192K, reserved 1146880K
  class space    used 15242K, committed 15680K, reserved 1048576K
}
Event: 22.460 GC heap before
{Heap before GC invocations=42 (full 0):
 garbage-first heap   total 559104K, used 429799K [0x0000000080000000, 0x0000000100000000)
  region size 1024K, 208 young (212992K), 3 survivors (3072K)
 Metaspace       used 114597K, committed 115520K, reserved 1155072K
  class space    used 15789K, committed 16256K, reserved 1048576K
}
Event: 22.466 GC heap after
{Heap after GC invocations=43 (full 0):
 garbage-first heap   total 559104K, used 223015K [0x0000000080000000, 0x0000000100000000)
  region size 1024K, 8 young (8192K), 8 survivors (8192K)
 Metaspace       used 114597K, committed 115520K, reserved 1155072K
  class space    used 15789K, committed 16256K, reserved 1048576K
}
Event: 23.494 GC heap before
{Heap before GC invocations=44 (full 0):
 garbage-first heap   total 559104K, used 521959K [0x0000000080000000, 0x0000000100000000)
  region size 1024K, 194 young (198656K), 8 survivors (8192K)
 Metaspace       used 119794K, committed 120704K, reserved 1155072K
  class space    used 16480K, committed 16960K, reserved 1048576K
}
Event: 23.501 GC heap after
{Heap after GC invocations=45 (full 0):
 garbage-first heap   total 559104K, used 239127K [0x0000000080000000, 0x0000000100000000)
  region size 1024K, 13 young (13312K), 13 survivors (13312K)
 Metaspace       used 119794K, committed 120704K, reserved 1155072K
  class space    used 16480K, committed 16960K, reserved 1048576K
}
Event: 23.666 GC heap before
{Heap before GC invocations=45 (full 0):
 garbage-first heap   total 559104K, used 256535K [0x0000000080000000, 0x0000000100000000)
  region size 1024K, 27 young (27648K), 13 survivors (13312K)
 Metaspace       used 121157K, committed 122048K, reserved 1155072K
  class space    used 16681K, committed 17152K, reserved 1048576K
}
Event: 23.672 GC heap after
{Heap after GC invocations=46 (full 0):
 garbage-first heap   total 559104K, used 188760K [0x0000000080000000, 0x0000000100000000)
  region size 1024K, 2 young (2048K), 2 survivors (2048K)
 Metaspace       used 121157K, committed 122048K, reserved 1155072K
  class space    used 16681K, committed 17152K, reserved 1048576K
}
Event: 381.076 GC heap before
{Heap before GC invocations=46 (full 0):
 garbage-first heap   total 559104K, used 476504K [0x0000000080000000, 0x0000000100000000)
  region size 1024K, 248 young (253952K), 2 survivors (2048K)
 Metaspace       used 125933K, committed 126848K, reserved 1163264K
  class space    used 16984K, committed 17472K, reserved 1048576K
}
Event: 381.092 GC heap after
{Heap after GC invocations=47 (full 0):
 garbage-first heap   total 559104K, used 189466K [0x0000000080000000, 0x0000000100000000)
  region size 1024K, 3 young (3072K), 3 survivors (3072K)
 Metaspace       used 125933K, committed 126848K, reserved 1163264K
  class space    used 16984K, committed 17472K, reserved 1048576K
}
Event: 852.336 GC heap before
{Heap before GC invocations=47 (full 0):
 garbage-first heap   total 559104K, used 449562K [0x0000000080000000, 0x0000000100000000)
  region size 1024K, 258 young (264192K), 3 survivors (3072K)
 Metaspace       used 126564K, committed 127616K, reserved 1163264K
  class space    used 17013K, committed 17536K, reserved 1048576K
}
Event: 852.379 GC heap after
{Heap after GC invocations=48 (full 0):
 garbage-first heap   total 559104K, used 195154K [0x0000000080000000, 0x0000000100000000)
  region size 1024K, 9 young (9216K), 9 survivors (9216K)
 Metaspace       used 126564K, committed 127616K, reserved 1163264K
  class space    used 17013K, committed 17536K, reserved 1048576K
}
Event: 857.798 GC heap before
{Heap before GC invocations=48 (full 0):
 garbage-first heap   total 559104K, used 485970K [0x0000000080000000, 0x0000000100000000)
  region size 1024K, 265 young (271360K), 9 survivors (9216K)
 Metaspace       used 136656K, committed 137792K, reserved 1171456K
  class space    used 18018K, committed 18624K, reserved 1048576K
}
Event: 857.838 GC heap after
{Heap after GC invocations=49 (full 0):
 garbage-first heap   total 559104K, used 241139K [0x0000000080000000, 0x0000000100000000)
  region size 1024K, 34 young (34816K), 34 survivors (34816K)
 Metaspace       used 136656K, committed 137792K, reserved 1171456K
  class space    used 18018K, committed 18624K, reserved 1048576K
}
Event: 858.958 GC heap before
{Heap before GC invocations=49 (full 0):
 garbage-first heap   total 559104K, used 444915K [0x0000000080000000, 0x0000000100000000)
  region size 1024K, 233 young (238592K), 34 survivors (34816K)
 Metaspace       used 149194K, committed 150272K, reserved 1179648K
  class space    used 19717K, committed 20288K, reserved 1048576K
}
Event: 858.992 GC heap after
{Heap after GC invocations=50 (full 0):
 garbage-first heap   total 559104K, used 249724K [0x0000000080000000, 0x0000000100000000)
  region size 1024K, 9 young (9216K), 9 survivors (9216K)
 Metaspace       used 149194K, committed 150272K, reserved 1179648K
  class space    used 19717K, committed 20288K, reserved 1048576K
}
Event: 1046.961 GC heap before
{Heap before GC invocations=50 (full 0):
 garbage-first heap   total 559104K, used 488316K [0x0000000080000000, 0x0000000100000000)
  region size 1024K, 207 young (211968K), 9 survivors (9216K)
 Metaspace       used 149811K, committed 150912K, reserved 1187840K
  class space    used 19749K, committed 20288K, reserved 1048576K
}
Event: 1047.010 GC heap after
{Heap after GC invocations=51 (full 0):
 garbage-first heap   total 559104K, used 244604K [0x0000000080000000, 0x0000000100000000)
  region size 1024K, 10 young (10240K), 10 survivors (10240K)
 Metaspace       used 149811K, committed 150912K, reserved 1187840K
  class space    used 19749K, committed 20288K, reserved 1048576K
}
Event: 1058.935 GC heap before
{Heap before GC invocations=51 (full 0):
 garbage-first heap   total 559104K, used 478076K [0x0000000080000000, 0x0000000100000000)
  region size 1024K, 220 young (225280K), 10 survivors (10240K)
 Metaspace       used 152543K, committed 153728K, reserved 1187840K
  class space    used 19946K, committed 20544K, reserved 1048576K
}
Event: 1058.967 GC heap after
{Heap after GC invocations=52 (full 0):
 garbage-first heap   total 559104K, used 274281K [0x0000000080000000, 0x0000000100000000)
  region size 1024K, 28 young (28672K), 28 survivors (28672K)
 Metaspace       used 152543K, committed 153728K, reserved 1187840K
  class space    used 19946K, committed 20544K, reserved 1048576K
}

