# JRE version: OpenJDK Runtime Environment (17.0.6) (build 17.0.6+0-b2043.56-9586694)
# Java VM: OpenJDK 64-Bit Server VM (17.0.6+0-b2043.56-9586694, mixed mode, tiered, compressed oops, compressed class ptrs, g1 gc, windows-amd64)
GC Precious Log:
 CPUs: 8 total, 8 available
 Memory: 16086M
 Large Page Support: Disabled
 NUMA Support: Disabled
 Compressed Oops: Enabled (Zero based)
 Heap Region Size: 2M
 Heap Min Capacity: 8M
 Heap Initial Capacity: 252M
 Heap Max Capacity: 4022M
 Pre-touch: Disabled
 Parallel Workers: 8
 Concurrent Workers: 2
 Concurrent Refinement Workers: 8
 Periodic GC: Disabled
Heap:
 garbage-first heap   total 186368K, used 52970K [0x0000000704a00000, 0x0000000800000000)
  region size 2048K, 5 young (10240K), 3 survivors (6144K)
 Metaspace       used 58641K, committed 58880K, reserved 1105920K
  class space    used 6931K, committed 7040K, reserved 1048576K
GC Heap History (20 events):
Event: 0.834 GC heap before
{Heap before GC invocations=4 (full 0):
 garbage-first heap   total 55296K, used 37876K [0x0000000704a00000, 0x0000000800000000)
  region size 2048K, 16 young (32768K), 4 survivors (8192K)
 Metaspace       used 28592K, committed 28800K, reserved 1081344K
  class space    used 3147K, committed 3264K, reserved 1048576K
}
Event: 0.838 GC heap after
{Heap after GC invocations=5 (full 0):
 garbage-first heap   total 55296K, used 17163K [0x0000000704a00000, 0x0000000800000000)
  region size 2048K, 5 young (10240K), 5 survivors (10240K)
 Metaspace       used 28592K, committed 28800K, reserved 1081344K
  class space    used 3147K, committed 3264K, reserved 1048576K
}
Event: 0.854 GC heap before
{Heap before GC invocations=5 (full 0):
 garbage-first heap   total 55296K, used 19211K [0x0000000704a00000, 0x0000000800000000)
  region size 2048K, 6 young (12288K), 5 survivors (10240K)
 Metaspace       used 29164K, committed 29376K, reserved 1081344K
  class space    used 3248K, committed 3328K, reserved 1048576K
}
Event: 0.858 GC heap after
{Heap after GC invocations=6 (full 0):
 garbage-first heap   total 55296K, used 18527K [0x0000000704a00000, 0x0000000800000000)
  region size 2048K, 1 young (2048K), 1 survivors (2048K)
 Metaspace       used 29164K, committed 29376K, reserved 1081344K
  class space    used 3248K, committed 3328K, reserved 1048576K
}
Event: 1.046 GC heap before
{Heap before GC invocations=6 (full 0):
 garbage-first heap   total 55296K, used 36959K [0x0000000704a00000, 0x0000000800000000)
  region size 2048K, 11 young (22528K), 1 survivors (2048K)
 Metaspace       used 32668K, committed 32960K, reserved 1081344K
  class space    used 3975K, committed 4096K, reserved 1048576K
}
Event: 1.051 GC heap after
{Heap after GC invocations=7 (full 0):
 garbage-first heap   total 55296K, used 21040K [0x0000000704a00000, 0x0000000800000000)
  region size 2048K, 2 young (4096K), 2 survivors (4096K)
 Metaspace       used 32668K, committed 32960K, reserved 1081344K
  class space    used 3975K, committed 4096K, reserved 1048576K
}
Event: 1.207 GC heap before
{Heap before GC invocations=7 (full 0):
 garbage-first heap   total 55296K, used 41520K [0x0000000704a00000, 0x0000000800000000)
  region size 2048K, 11 young (22528K), 2 survivors (4096K)
 Metaspace       used 35304K, committed 35584K, reserved 1081344K
  class space    used 4492K, committed 4608K, reserved 1048576K
}
Event: 1.214 GC heap after
{Heap after GC invocations=8 (full 0):
 garbage-first heap   total 157696K, used 26826K [0x0000000704a00000, 0x0000000800000000)
  region size 2048K, 2 young (4096K), 2 survivors (4096K)
 Metaspace       used 35304K, committed 35584K, reserved 1081344K
  class space    used 4492K, committed 4608K, reserved 1048576K
}
Event: 1.228 GC heap before
{Heap before GC invocations=8 (full 0):
 garbage-first heap   total 157696K, used 26826K [0x0000000704a00000, 0x0000000800000000)
  region size 2048K, 3 young (6144K), 2 survivors (4096K)
 Metaspace       used 35795K, committed 35968K, reserved 1081344K
  class space    used 4542K, committed 4608K, reserved 1048576K
}
Event: 1.230 GC heap after
{Heap after GC invocations=9 (full 0):
 garbage-first heap   total 157696K, used 26914K [0x0000000704a00000, 0x0000000800000000)
  region size 2048K, 2 young (4096K), 2 survivors (4096K)
 Metaspace       used 35795K, committed 35968K, reserved 1081344K
  class space    used 4542K, committed 4608K, reserved 1048576K
}
Event: 1.762 GC heap before
{Heap before GC invocations=10 (full 0):
 garbage-first heap   total 102400K, used 84258K [0x0000000704a00000, 0x0000000800000000)
  region size 2048K, 30 young (61440K), 2 survivors (4096K)
 Metaspace       used 47019K, committed 47232K, reserved 1097728K
  class space    used 5712K, committed 5824K, reserved 1048576K
}
Event: 1.772 GC heap after
{Heap after GC invocations=11 (full 0):
 garbage-first heap   total 102400K, used 31157K [0x0000000704a00000, 0x0000000800000000)
  region size 2048K, 4 young (8192K), 4 survivors (8192K)
 Metaspace       used 47019K, committed 47232K, reserved 1097728K
  class space    used 5712K, committed 5824K, reserved 1048576K
}
Event: 1.798 GC heap before
{Heap before GC invocations=11 (full 0):
 garbage-first heap   total 102400K, used 31157K [0x0000000704a00000, 0x0000000800000000)
  region size 2048K, 5 young (10240K), 4 survivors (8192K)
 Metaspace       used 47653K, committed 47936K, reserved 1097728K
  class space    used 5824K, committed 5952K, reserved 1048576K
}
Event: 1.804 GC heap after
{Heap after GC invocations=12 (full 0):
 garbage-first heap   total 102400K, used 32598K [0x0000000704a00000, 0x0000000800000000)
  region size 2048K, 1 young (2048K), 1 survivors (2048K)
 Metaspace       used 47653K, committed 47936K, reserved 1097728K
  class space    used 5824K, committed 5952K, reserved 1048576K
}
Event: 2.030 GC heap before
{Heap before GC invocations=12 (full 0):
 garbage-first heap   total 102400K, used 73558K [0x0000000704a00000, 0x0000000800000000)
  region size 2048K, 20 young (40960K), 1 survivors (2048K)
 Metaspace       used 50644K, committed 50880K, reserved 1097728K
  class space    used 6151K, committed 6272K, reserved 1048576K
}
Event: 2.035 GC heap after
{Heap after GC invocations=13 (full 0):
 garbage-first heap   total 102400K, used 36394K [0x0000000704a00000, 0x0000000800000000)
  region size 2048K, 2 young (4096K), 2 survivors (4096K)
 Metaspace       used 50644K, committed 50880K, reserved 1097728K
  class space    used 6151K, committed 6272K, reserved 1048576K
}
Event: 2.452 GC heap before
{Heap before GC invocations=14 (full 0):
 garbage-first heap   total 102400K, used 75306K [0x0000000704a00000, 0x0000000800000000)
  region size 2048K, 21 young (43008K), 2 survivors (4096K)
 Metaspace       used 55186K, committed 55552K, reserved 1097728K
  class space    used 6618K, committed 6784K, reserved 1048576K
}
Event: 2.465 GC heap after
{Heap after GC invocations=15 (full 0):
 garbage-first heap   total 102400K, used 42947K [0x0000000704a00000, 0x0000000800000000)
  region size 2048K, 3 young (6144K), 3 survivors (6144K)
 Metaspace       used 55186K, committed 55552K, reserved 1097728K
  class space    used 6618K, committed 6784K, reserved 1048576K
}
Event: 2.895 GC heap before
{Heap before GC invocations=15 (full 0):
 garbage-first heap   total 102400K, used 77763K [0x0000000704a00000, 0x0000000800000000)
  region size 2048K, 20 young (40960K), 3 survivors (6144K)
 Metaspace       used 58330K, committed 58624K, reserved 1105920K
  class space    used 6905K, committed 7040K, reserved 1048576K
}
Event: 2.909 GC heap after
{Heap after GC invocations=16 (full 0):
 garbage-first heap   total 186368K, used 50922K [0x0000000704a00000, 0x0000000800000000)
  region size 2048K, 3 young (6144K), 3 survivors (6144K)
 Metaspace       used 58330K, committed 58624K, reserved 1105920K
  class space    used 6905K, committed 7040K, reserved 1048576K
}

