# JRE version: OpenJDK Runtime Environment (17.0.6) (build 17.0.6+0-b2043.56-9586694)
# Java VM: OpenJDK 64-Bit Server VM (17.0.6+0-b2043.56-9586694, mixed mode, tiered, compressed oops, compressed class ptrs, g1 gc, windows-amd64)
GC Precious Log:
 CPUs: 8 total, 8 available
 Memory: 16086M
 Large Page Support: Disabled
 NUMA Support: Disabled
 Compressed Oops: Enabled (Zero based)
 Heap Region Size: 2M
 Heap Min Capacity: 8M
 Heap Initial Capacity: 252M
 Heap Max Capacity: 4022M
 Pre-touch: Disabled
 Parallel Workers: 8
 Concurrent Workers: 2
 Concurrent Refinement Workers: 8
 Periodic GC: Disabled
Heap:
 garbage-first heap   total 196608K, used 132906K [0x0000000704a00000, 0x0000000800000000)
  region size 2048K, 28 young (57344K), 4 survivors (8192K)
 Metaspace       used 72904K, committed 73152K, reserved 1114112K
  class space    used 8458K, committed 8576K, reserved 1048576K
GC Heap History (20 events):
Event: 1.160 GC heap before
{Heap before GC invocations=7 (full 0):
 garbage-first heap   total 157696K, used 41636K [0x0000000704a00000, 0x0000000800000000)
  region size 2048K, 12 young (24576K), 2 survivors (4096K)
 Metaspace       used 35785K, committed 35968K, reserved 1081344K
  class space    used 4540K, committed 4608K, reserved 1048576K
}
Event: 1.165 GC heap after
{Heap after GC invocations=8 (full 0):
 garbage-first heap   total 157696K, used 26731K [0x0000000704a00000, 0x0000000800000000)
  region size 2048K, 4 young (8192K), 4 survivors (8192K)
 Metaspace       used 35785K, committed 35968K, reserved 1081344K
  class space    used 4540K, committed 4608K, reserved 1048576K
}
Event: 1.635 GC heap before
{Heap before GC invocations=9 (full 0):
 garbage-first heap   total 102400K, used 79979K [0x0000000704a00000, 0x0000000800000000)
  region size 2048K, 30 young (61440K), 4 survivors (8192K)
 Metaspace       used 46374K, committed 46592K, reserved 1097728K
  class space    used 5632K, committed 5760K, reserved 1048576K
}
Event: 1.645 GC heap after
{Heap after GC invocations=10 (full 0):
 garbage-first heap   total 102400K, used 30217K [0x0000000704a00000, 0x0000000800000000)
  region size 2048K, 4 young (8192K), 4 survivors (8192K)
 Metaspace       used 46374K, committed 46592K, reserved 1097728K
  class space    used 5632K, committed 5760K, reserved 1048576K
}
Event: 1.677 GC heap before
{Heap before GC invocations=10 (full 0):
 garbage-first heap   total 102400K, used 32265K [0x0000000704a00000, 0x0000000800000000)
  region size 2048K, 5 young (10240K), 4 survivors (8192K)
 Metaspace       used 46492K, committed 46784K, reserved 1097728K
  class space    used 5637K, committed 5760K, reserved 1048576K
}
Event: 1.684 GC heap after
{Heap after GC invocations=11 (full 0):
 garbage-first heap   total 102400K, used 32249K [0x0000000704a00000, 0x0000000800000000)
  region size 2048K, 1 young (2048K), 1 survivors (2048K)
 Metaspace       used 46492K, committed 46784K, reserved 1097728K
  class space    used 5637K, committed 5760K, reserved 1048576K
}
Event: 1.973 GC heap before
{Heap before GC invocations=11 (full 0):
 garbage-first heap   total 102400K, used 73209K [0x0000000704a00000, 0x0000000800000000)
  region size 2048K, 20 young (40960K), 1 survivors (2048K)
 Metaspace       used 50596K, committed 50816K, reserved 1097728K
  class space    used 6151K, committed 6272K, reserved 1048576K
}
Event: 1.977 GC heap after
{Heap after GC invocations=12 (full 0):
 garbage-first heap   total 102400K, used 36785K [0x0000000704a00000, 0x0000000800000000)
  region size 2048K, 2 young (4096K), 2 survivors (4096K)
 Metaspace       used 50596K, committed 50816K, reserved 1097728K
  class space    used 6151K, committed 6272K, reserved 1048576K
}
Event: 2.340 GC heap before
{Heap before GC invocations=12 (full 0):
 garbage-first heap   total 102400K, used 75697K [0x0000000704a00000, 0x0000000800000000)
  region size 2048K, 21 young (43008K), 2 survivors (4096K)
 Metaspace       used 54744K, committed 55040K, reserved 1097728K
  class space    used 6574K, committed 6720K, reserved 1048576K
}
Event: 2.349 GC heap after
{Heap after GC invocations=13 (full 0):
 garbage-first heap   total 163840K, used 42463K [0x0000000704a00000, 0x0000000800000000)
  region size 2048K, 3 young (6144K), 3 survivors (6144K)
 Metaspace       used 54744K, committed 55040K, reserved 1097728K
  class space    used 6574K, committed 6720K, reserved 1048576K
}
Event: 3.161 GC heap before
{Heap before GC invocations=13 (full 0):
 garbage-first heap   total 163840K, used 120287K [0x0000000704a00000, 0x0000000800000000)
  region size 2048K, 41 young (83968K), 3 survivors (6144K)
 Metaspace       used 59639K, committed 59904K, reserved 1105920K
  class space    used 6977K, committed 7104K, reserved 1048576K
}
Event: 3.178 GC heap after
{Heap after GC invocations=14 (full 0):
 garbage-first heap   total 163840K, used 58197K [0x0000000704a00000, 0x0000000800000000)
  region size 2048K, 6 young (12288K), 6 survivors (12288K)
 Metaspace       used 59639K, committed 59904K, reserved 1105920K
  class space    used 6977K, committed 7104K, reserved 1048576K
}
Event: 3.355 GC heap before
{Heap before GC invocations=14 (full 0):
 garbage-first heap   total 163840K, used 80725K [0x0000000704a00000, 0x0000000800000000)
  region size 2048K, 18 young (36864K), 6 survivors (12288K)
 Metaspace       used 60140K, committed 60416K, reserved 1105920K
  class space    used 7015K, committed 7168K, reserved 1048576K
}
Event: 3.369 GC heap after
{Heap after GC invocations=15 (full 0):
 garbage-first heap   total 163840K, used 64324K [0x0000000704a00000, 0x0000000800000000)
  region size 2048K, 3 young (6144K), 3 survivors (6144K)
 Metaspace       used 60140K, committed 60416K, reserved 1105920K
  class space    used 7015K, committed 7168K, reserved 1048576K
}
Event: 3.744 GC heap before
{Heap before GC invocations=16 (full 0):
 garbage-first heap   total 163840K, used 117572K [0x0000000704a00000, 0x0000000800000000)
  region size 2048K, 29 young (59392K), 3 survivors (6144K)
 Metaspace       used 62310K, committed 62592K, reserved 1105920K
  class space    used 7296K, committed 7424K, reserved 1048576K
}
Event: 3.754 GC heap after
{Heap after GC invocations=17 (full 0):
 garbage-first heap   total 163840K, used 69986K [0x0000000704a00000, 0x0000000800000000)
  region size 2048K, 3 young (6144K), 3 survivors (6144K)
 Metaspace       used 62310K, committed 62592K, reserved 1105920K
  class space    used 7296K, committed 7424K, reserved 1048576K
}
Event: 4.573 GC heap before
{Heap before GC invocations=17 (full 0):
 garbage-first heap   total 163840K, used 119138K [0x0000000704a00000, 0x0000000800000000)
  region size 2048K, 28 young (57344K), 3 survivors (6144K)
 Metaspace       used 69007K, committed 69312K, reserved 1114112K
  class space    used 8217K, committed 8320K, reserved 1048576K
}
Event: 4.583 GC heap after
{Heap after GC invocations=18 (full 0):
 garbage-first heap   total 163840K, used 76201K [0x0000000704a00000, 0x0000000800000000)
  region size 2048K, 3 young (6144K), 3 survivors (6144K)
 Metaspace       used 69007K, committed 69312K, reserved 1114112K
  class space    used 8217K, committed 8320K, reserved 1048576K
}
Event: 5.392 GC heap before
{Heap before GC invocations=18 (full 0):
 garbage-first heap   total 163840K, used 127401K [0x0000000704a00000, 0x0000000800000000)
  region size 2048K, 27 young (55296K), 3 survivors (6144K)
 Metaspace       used 71532K, committed 71872K, reserved 1114112K
  class space    used 8371K, committed 8512K, reserved 1048576K
}
Event: 5.404 GC heap after
{Heap after GC invocations=19 (full 0):
 garbage-first heap   total 196608K, used 85802K [0x0000000704a00000, 0x0000000800000000)
  region size 2048K, 4 young (8192K), 4 survivors (8192K)
 Metaspace       used 71532K, committed 71872K, reserved 1114112K
  class space    used 8371K, committed 8512K, reserved 1048576K
}

